[Tue Jun 08 10:07:43.144081 2021] [proxy_fcgi:error] [pid 158324:tid 140004491769600] [client ::1:37866] AH01067: Failed to read FastCGI header, referer: http://localhost:10009/wp-admin/plugins.php
[Tue Jun 08 10:07:43.144118 2021] [proxy_fcgi:error] [pid 158324:tid 140004491769600] (104)Connection reset by peer: [client ::1:37866] AH01075: Error dispatching request to :10009: , referer: http://localhost:10009/wp-admin/plugins.php
[Tue Jun 08 11:08:03.807074 2021] [proxy_fcgi:error] [pid 158324:tid 140004525340416] [client ::1:41862] AH01067: Failed to read FastCGI header, referer: http://localhost:10009/wp-admin/nav-menus.php
[Tue Jun 08 11:08:03.807228 2021] [proxy_fcgi:error] [pid 158324:tid 140004525340416] (104)Connection reset by peer: [client ::1:41862] AH01075: Error dispatching request to :10009: , referer: http://localhost:10009/wp-admin/nav-menus.php
[Tue Jun 08 11:22:44.007678 2021] [proxy_fcgi:error] [pid 158563:tid 140004693096192] [client ::1:43758] AH01067: Failed to read FastCGI header, referer: http://localhost:10009/wp-admin/plugins.php?plugin_status=all&paged=1&s
[Tue Jun 08 11:22:44.007711 2021] [proxy_fcgi:error] [pid 158563:tid 140004693096192] (104)Connection reset by peer: [client ::1:43758] AH01075: Error dispatching request to :10009: , referer: http://localhost:10009/wp-admin/plugins.php?plugin_status=all&paged=1&s
[Tue Jun 08 11:25:49.725115 2021] [proxy_fcgi:error] [pid 158322:tid 140004844099328] [client ::1:44172] AH01067: Failed to read FastCGI header, referer: http://localhost:10009/wp-admin/plugins.php?plugin_status=all&paged=1&s
[Tue Jun 08 11:25:49.725184 2021] [proxy_fcgi:error] [pid 158322:tid 140004844099328] (104)Connection reset by peer: [client ::1:44172] AH01075: Error dispatching request to :10009: , referer: http://localhost:10009/wp-admin/plugins.php?plugin_status=all&paged=1&s
[Tue Jun 08 11:33:07.157642 2021] [proxy_fcgi:error] [pid 158324:tid 140004491769600] [client ::1:44632] AH01067: Failed to read FastCGI header, referer: http://localhost:10009/wp-admin/plugins.php?plugin_status=all&paged=1&s&_wpnonce=4a8c277e1a
[Tue Jun 08 11:33:07.157680 2021] [proxy_fcgi:error] [pid 158324:tid 140004491769600] (104)Connection reset by peer: [client ::1:44632] AH01075: Error dispatching request to :10009: , referer: http://localhost:10009/wp-admin/plugins.php?plugin_status=all&paged=1&s&_wpnonce=4a8c277e1a
[Tue Jun 08 11:33:26.692637 2021] [proxy_fcgi:error] [pid 158324:tid 140004374337280] [client ::1:44634] AH01067: Failed to read FastCGI header, referer: http://localhost:10009/wp-admin/plugin-install.php
[Tue Jun 08 11:33:26.692678 2021] [proxy_fcgi:error] [pid 158324:tid 140004374337280] (104)Connection reset by peer: [client ::1:44634] AH01075: Error dispatching request to :10009: , referer: http://localhost:10009/wp-admin/plugin-install.php
[Tue Jun 08 11:33:41.642115 2021] [proxy_fcgi:error] [pid 158563:tid 140004969924352] [client ::1:44682] AH01067: Failed to read FastCGI header, referer: http://localhost:10009/wp-admin/plugin-install.php
[Tue Jun 08 11:33:41.642151 2021] [proxy_fcgi:error] [pid 158563:tid 140004969924352] (104)Connection reset by peer: [client ::1:44682] AH01075: Error dispatching request to :10009: , referer: http://localhost:10009/wp-admin/plugin-install.php
[Tue Jun 08 11:33:52.741828 2021] [proxy_fcgi:error] [pid 158563:tid 140004139439872] [client ::1:44696] AH01067: Failed to read FastCGI header, referer: http://localhost:10009/wp-admin/plugins.php
[Tue Jun 08 11:33:52.741867 2021] [proxy_fcgi:error] [pid 158563:tid 140004139439872] (104)Connection reset by peer: [client ::1:44696] AH01075: Error dispatching request to :10009: , referer: http://localhost:10009/wp-admin/plugins.php
[Tue Jun 08 11:33:56.903902 2021] [proxy_fcgi:error] [pid 158563:tid 140004986709760] [client ::1:44710] AH01067: Failed to read FastCGI header, referer: http://localhost:10009/wp-admin/plugin-install.php
[Tue Jun 08 11:33:56.903932 2021] [proxy_fcgi:error] [pid 158563:tid 140004986709760] (104)Connection reset by peer: [client ::1:44710] AH01075: Error dispatching request to :10009: , referer: http://localhost:10009/wp-admin/plugin-install.php
[Tue Jun 08 11:34:49.484586 2021] [proxy_fcgi:error] [pid 158324:tid 140004986709760] [client ::1:44762] AH01067: Failed to read FastCGI header, referer: http://localhost:10009/wp-admin/plugins.php
[Tue Jun 08 11:34:49.484619 2021] [proxy_fcgi:error] [pid 158324:tid 140004986709760] (104)Connection reset by peer: [client ::1:44762] AH01075: Error dispatching request to :10009: , referer: http://localhost:10009/wp-admin/plugins.php
[Tue Jun 08 11:36:08.111977 2021] [proxy_fcgi:error] [pid 158563:tid 140004189796096] [client ::1:45006] AH01067: Failed to read FastCGI header, referer: http://localhost:10009/wp-admin/plugins.php?plugin_status=all&paged=1&s
[Tue Jun 08 11:36:08.112012 2021] [proxy_fcgi:error] [pid 158563:tid 140004189796096] (104)Connection reset by peer: [client ::1:45006] AH01075: Error dispatching request to :10009: , referer: http://localhost:10009/wp-admin/plugins.php?plugin_status=all&paged=1&s
[Tue Jun 08 14:13:50.510110 2021] [proxy_fcgi:error] [pid 4898:tid 140649416345344] [client ::1:47172] AH01067: Failed to read FastCGI header, referer: http://localhost:10009/wp-admin/plugins.php?plugin_status=all&paged=1&s
[Tue Jun 08 14:13:50.510365 2021] [proxy_fcgi:error] [pid 4898:tid 140649416345344] (104)Connection reset by peer: [client ::1:47172] AH01075: Error dispatching request to :10009: , referer: http://localhost:10009/wp-admin/plugins.php?plugin_status=all&paged=1&s
[Tue Jun 08 14:18:09.967017 2021] [proxy_fcgi:error] [pid 4898:tid 140648032237312] [client ::1:47868] AH01067: Failed to read FastCGI header, referer: http://localhost:10009/wp-admin/plugins.php
[Tue Jun 08 14:18:09.967047 2021] [proxy_fcgi:error] [pid 4898:tid 140648032237312] (104)Connection reset by peer: [client ::1:47868] AH01075: Error dispatching request to :10009: , referer: http://localhost:10009/wp-admin/plugins.php
[Tue Jun 08 14:19:03.157289 2021] [access_compat:error] [pid 4702:tid 140649131124480] [client 127.0.0.1:42712] AH01797: client denied by server configuration: /home/hamza/Local Sites/ycode/app/public/wp-content/uploads/woocommerce_uploads/, referer: http://localhost:10009/wp-content/uploads/woocommerce_uploads/
[Tue Jun 08 14:23:33.380694 2021] [proxy_fcgi:error] [pid 4898:tid 140648594253568] [client ::1:48746] AH01067: Failed to read FastCGI header, referer: http://localhost:10009/wp-admin/admin.php?page=wc-admin&path=%2Fsetup-wizard&step=business-details
[Tue Jun 08 14:23:33.380791 2021] [proxy_fcgi:error] [pid 4898:tid 140648594253568] (104)Connection reset by peer: [client ::1:48746] AH01075: Error dispatching request to :10009: , referer: http://localhost:10009/wp-admin/admin.php?page=wc-admin&path=%2Fsetup-wizard&step=business-details
[Tue Jun 08 14:36:14.406881 2021] [proxy_fcgi:error] [pid 4898:tid 140648585860864] [client ::1:49382] AH01067: Failed to read FastCGI header, referer: http://localhost:10009/wp-admin/admin.php?page=wc-admin&path=%2Fsetup-wizard&step=business-details
[Tue Jun 08 14:36:14.406931 2021] [proxy_fcgi:error] [pid 4898:tid 140648585860864] (104)Connection reset by peer: [client ::1:49382] AH01075: Error dispatching request to :10009: , referer: http://localhost:10009/wp-admin/admin.php?page=wc-admin&path=%2Fsetup-wizard&step=business-details
[Tue Jun 08 14:36:23.884300 2021] [proxy_fcgi:error] [pid 4898:tid 140647998666496] [client ::1:49444] AH01067: Failed to read FastCGI header, referer: http://localhost:10009/wp-admin/admin.php?page=wc-admin&path=%2Fsetup-wizard&step=business-details
[Tue Jun 08 14:36:23.884355 2021] [proxy_fcgi:error] [pid 4898:tid 140647998666496] (104)Connection reset by peer: [client ::1:49444] AH01075: Error dispatching request to :10009: , referer: http://localhost:10009/wp-admin/admin.php?page=wc-admin&path=%2Fsetup-wizard&step=business-details
[Tue Jun 08 21:51:47.836942 2021] [proxy_fcgi:error] [pid 16888:tid 140317118428928] [client ::1:55162] AH01067: Failed to read FastCGI header, referer: http://localhost:10009/wp-admin/plugins.php
[Tue Jun 08 21:51:47.837097 2021] [proxy_fcgi:error] [pid 16888:tid 140317118428928] (104)Connection reset by peer: [client ::1:55162] AH01075: Error dispatching request to :10009: , referer: http://localhost:10009/wp-admin/plugins.php
[Tue Jun 08 22:03:58.770421 2021] [proxy_fcgi:error] [pid 16888:tid 140317252646656] [client ::1:57916] AH01067: Failed to read FastCGI header, referer: http://localhost:10009/wp-admin/plugins.php
[Tue Jun 08 22:03:58.770456 2021] [proxy_fcgi:error] [pid 16888:tid 140317252646656] (104)Connection reset by peer: [client ::1:57916] AH01075: Error dispatching request to :10009: , referer: http://localhost:10009/wp-admin/plugins.php
[Tue Jun 08 22:11:57.690074 2021] [proxy_fcgi:error] [pid 16677:tid 140316136941312] [client ::1:59434] AH01067: Failed to read FastCGI header, referer: http://localhost:10009/wp-admin/plugins.php
[Tue Jun 08 22:11:57.690120 2021] [proxy_fcgi:error] [pid 16677:tid 140316136941312] (104)Connection reset by peer: [client ::1:59434] AH01075: Error dispatching request to :10009: , referer: http://localhost:10009/wp-admin/plugins.php
[Tue Jun 08 22:12:02.550343 2021] [proxy_fcgi:error] [pid 16888:tid 140316111795968] [client ::1:59478] AH01067: Failed to read FastCGI header, referer: http://localhost:10009/wp-admin/plugins.php
[Tue Jun 08 22:12:02.550366 2021] [proxy_fcgi:error] [pid 16888:tid 140316111795968] (104)Connection reset by peer: [client ::1:59478] AH01075: Error dispatching request to :10009: , referer: http://localhost:10009/wp-admin/plugins.php
[Tue Jun 08 22:12:06.394665 2021] [proxy_fcgi:error] [pid 16888:tid 140316103403264] [client ::1:59480] AH01067: Failed to read FastCGI header, referer: http://localhost:10009/wp-admin/plugins.php
[Tue Jun 08 22:12:06.394699 2021] [proxy_fcgi:error] [pid 16888:tid 140316103403264] (104)Connection reset by peer: [client ::1:59480] AH01075: Error dispatching request to :10009: , referer: http://localhost:10009/wp-admin/plugins.php
[Tue Jun 08 22:12:08.665787 2021] [proxy_fcgi:error] [pid 16888:tid 140317252646656] [client ::1:59542] AH01067: Failed to read FastCGI header, referer: http://localhost:10009/wp-admin/plugins.php
[Tue Jun 08 22:12:08.665821 2021] [proxy_fcgi:error] [pid 16888:tid 140317252646656] (104)Connection reset by peer: [client ::1:59542] AH01075: Error dispatching request to :10009: , referer: http://localhost:10009/wp-admin/plugins.php
[Tue Jun 08 22:12:19.803703 2021] [proxy_fcgi:error] [pid 16888:tid 140315960792832] [client ::1:59614] AH01067: Failed to read FastCGI header, referer: http://localhost:10009/wp-admin/plugins.php
[Tue Jun 08 22:12:19.803733 2021] [proxy_fcgi:error] [pid 16888:tid 140315960792832] (104)Connection reset by peer: [client ::1:59614] AH01075: Error dispatching request to :10009: , referer: http://localhost:10009/wp-admin/plugins.php
[Tue Jun 08 22:12:24.108095 2021] [proxy_fcgi:error] [pid 16888:tid 140317210683136] [client ::1:59616] AH01067: Failed to read FastCGI header, referer: http://localhost:10009/wp-admin/plugins.php
[Tue Jun 08 22:12:24.108137 2021] [proxy_fcgi:error] [pid 16888:tid 140317210683136] (104)Connection reset by peer: [client ::1:59616] AH01075: Error dispatching request to :10009: , referer: http://localhost:10009/wp-admin/plugins.php
[Tue Jun 08 22:12:28.889605 2021] [proxy_fcgi:error] [pid 16677:tid 140317101643520] [client ::1:59654] AH01067: Failed to read FastCGI header, referer: http://localhost:10009/wp-admin/plugins.php
[Tue Jun 08 22:12:28.889633 2021] [proxy_fcgi:error] [pid 16677:tid 140317101643520] (104)Connection reset by peer: [client ::1:59654] AH01075: Error dispatching request to :10009: , referer: http://localhost:10009/wp-admin/plugins.php
[Wed Jun 09 11:50:23.916259 2021] [proxy_fcgi:error] [pid 12038:tid 140526921107200] [client ::1:59442] AH01067: Failed to read FastCGI header, referer: http://localhost:10009/wp-admin/plugins.php?s=&plugin_status=all
[Wed Jun 09 11:50:23.916416 2021] [proxy_fcgi:error] [pid 12038:tid 140526921107200] (104)Connection reset by peer: [client ::1:59442] AH01075: Error dispatching request to :10009: , referer: http://localhost:10009/wp-admin/plugins.php?s=&plugin_status=all
[Wed Jun 09 11:50:49.497791 2021] [proxy_fcgi:error] [pid 12038:tid 140526548408064] [client ::1:59468] AH01067: Failed to read FastCGI header, referer: http://localhost:10009/wp-admin/plugins.php?s&plugin_status=all
[Wed Jun 09 11:50:49.497829 2021] [proxy_fcgi:error] [pid 12038:tid 140526548408064] (104)Connection reset by peer: [client ::1:59468] AH01075: Error dispatching request to :10009: , referer: http://localhost:10009/wp-admin/plugins.php?s&plugin_status=all
[Wed Jun 09 11:51:14.118138 2021] [proxy_fcgi:error] [pid 12038:tid 140525885712128] [client ::1:59546] AH01067: Failed to read FastCGI header
[Wed Jun 09 11:51:14.118171 2021] [proxy_fcgi:error] [pid 12038:tid 140525885712128] (104)Connection reset by peer: [client ::1:59546] AH01075: Error dispatching request to :10009: 
[Wed Jun 09 11:51:15.059203 2021] [proxy_fcgi:error] [pid 12038:tid 140525751494400] [client ::1:59548] AH01067: Failed to read FastCGI header
[Wed Jun 09 11:51:15.059256 2021] [proxy_fcgi:error] [pid 12038:tid 140525751494400] (104)Connection reset by peer: [client ::1:59548] AH01075: Error dispatching request to :10009: 
[Wed Jun 09 11:51:15.464244 2021] [proxy_fcgi:error] [pid 12038:tid 140525877319424] [client ::1:59562] AH01067: Failed to read FastCGI header
[Wed Jun 09 11:51:15.464356 2021] [proxy_fcgi:error] [pid 12038:tid 140525877319424] (104)Connection reset by peer: [client ::1:59562] AH01075: Error dispatching request to :10009: 
[Wed Jun 09 11:51:16.279643 2021] [proxy_fcgi:error] [pid 11648:tid 140526912706304] [client ::1:59574] AH01067: Failed to read FastCGI header
[Wed Jun 09 11:51:16.279676 2021] [proxy_fcgi:error] [pid 11648:tid 140526912706304] (104)Connection reset by peer: [client ::1:59574] AH01075: Error dispatching request to :10009: 
[Wed Jun 09 11:51:16.697263 2021] [proxy_fcgi:error] [pid 12038:tid 140526514837248] [client ::1:59610] AH01067: Failed to read FastCGI header
[Wed Jun 09 11:51:16.697298 2021] [proxy_fcgi:error] [pid 12038:tid 140526514837248] (104)Connection reset by peer: [client ::1:59610] AH01075: Error dispatching request to :10009: 
[Wed Jun 09 11:51:17.716126 2021] [proxy_fcgi:error] [pid 11648:tid 140526430975744] [client ::1:59614] AH01067: Failed to read FastCGI header
[Wed Jun 09 11:51:17.716167 2021] [proxy_fcgi:error] [pid 11648:tid 140526430975744] (104)Connection reset by peer: [client ::1:59614] AH01075: Error dispatching request to :10009: 
[Wed Jun 09 11:51:24.490186 2021] [proxy_fcgi:error] [pid 12038:tid 140525759887104] [client ::1:59674] AH01067: Failed to read FastCGI header
[Wed Jun 09 11:51:24.490207 2021] [proxy_fcgi:error] [pid 12038:tid 140525759887104] (104)Connection reset by peer: [client ::1:59674] AH01075: Error dispatching request to :10009: 
[Wed Jun 09 11:51:36.982532 2021] [proxy_fcgi:error] [pid 12038:tid 140525726316288] [client ::1:59676] AH01067: Failed to read FastCGI header
[Wed Jun 09 11:51:36.982561 2021] [proxy_fcgi:error] [pid 12038:tid 140525726316288] (104)Connection reset by peer: [client ::1:59676] AH01075: Error dispatching request to :10009: 
[Wed Jun 09 11:51:38.200379 2021] [proxy_fcgi:error] [pid 12038:tid 140526946309888] [client ::1:59712] AH01067: Failed to read FastCGI header
[Wed Jun 09 11:51:38.200406 2021] [proxy_fcgi:error] [pid 12038:tid 140526946309888] (104)Connection reset by peer: [client ::1:59712] AH01075: Error dispatching request to :10009: 
[Wed Jun 09 11:51:38.221754 2021] [proxy_fcgi:error] [pid 11648:tid 140526414190336] [client ::1:59724] AH01067: Failed to read FastCGI header
[Wed Jun 09 11:51:38.221780 2021] [proxy_fcgi:error] [pid 11648:tid 140526414190336] (104)Connection reset by peer: [client ::1:59724] AH01075: Error dispatching request to :10009: 
[Wed Jun 09 11:51:39.534629 2021] [proxy_fcgi:error] [pid 12038:tid 140526937908992] [client ::1:59734] AH01067: Failed to read FastCGI header
[Wed Jun 09 11:51:39.534655 2021] [proxy_fcgi:error] [pid 12038:tid 140526937908992] (104)Connection reset by peer: [client ::1:59734] AH01075: Error dispatching request to :10009: 
[Wed Jun 09 11:51:40.651822 2021] [proxy_fcgi:error] [pid 11648:tid 140526279972608] [client ::1:59738] AH01067: Failed to read FastCGI header
[Wed Jun 09 11:51:40.651864 2021] [proxy_fcgi:error] [pid 11648:tid 140526279972608] (104)Connection reset by peer: [client ::1:59738] AH01075: Error dispatching request to :10009: 
[Wed Jun 09 11:51:40.829439 2021] [proxy_fcgi:error] [pid 11648:tid 140526405797632] [client ::1:59740] AH01067: Failed to read FastCGI header
[Wed Jun 09 11:51:40.829463 2021] [proxy_fcgi:error] [pid 11648:tid 140526405797632] (104)Connection reset by peer: [client ::1:59740] AH01075: Error dispatching request to :10009: 
[Wed Jun 09 11:51:56.739504 2021] [proxy_fcgi:error] [pid 11647:tid 140526946309888] [client ::1:59742] AH01067: Failed to read FastCGI header, referer: http://localhost:10009/wp-admin/plugins.php
[Wed Jun 09 11:51:56.739531 2021] [proxy_fcgi:error] [pid 11647:tid 140526946309888] (104)Connection reset by peer: [client ::1:59742] AH01075: Error dispatching request to :10009: , referer: http://localhost:10009/wp-admin/plugins.php
[Wed Jun 09 11:53:30.628637 2021] [proxy_fcgi:error] [pid 19283:tid 140002897942272] [client ::1:32818] AH01067: Failed to read FastCGI header, referer: http://localhost:10009/wp-admin/
[Wed Jun 09 11:53:30.628667 2021] [proxy_fcgi:error] [pid 19283:tid 140002897942272] (104)Connection reset by peer: [client ::1:32818] AH01075: Error dispatching request to :10009: , referer: http://localhost:10009/wp-admin/
[Wed Jun 09 11:53:35.452294 2021] [proxy_fcgi:error] [pid 19283:tid 140002872764160] [client ::1:32832] AH01067: Failed to read FastCGI header, referer: http://localhost:10009/wp-admin/
[Wed Jun 09 11:53:35.452329 2021] [proxy_fcgi:error] [pid 19283:tid 140002872764160] (104)Connection reset by peer: [client ::1:32832] AH01075: Error dispatching request to :10009: , referer: http://localhost:10009/wp-admin/
[Wed Jun 09 11:53:52.709120 2021] [proxy_fcgi:error] [pid 19281:tid 140003143919360] [client ::1:32820] AH01067: Failed to read FastCGI header, referer: http://localhost:10009/wp-admin/
[Wed Jun 09 11:53:52.709213 2021] [proxy_fcgi:error] [pid 19281:tid 140003143919360] (104)Connection reset by peer: [client ::1:32820] AH01075: Error dispatching request to :10009: , referer: http://localhost:10009/wp-admin/
[Wed Jun 09 11:54:39.653027 2021] [proxy_fcgi:error] [pid 19490:tid 140003143919360] [client ::1:32886] AH01067: Failed to read FastCGI header, referer: http://localhost:10009/wp-admin/
[Wed Jun 09 11:54:39.653065 2021] [proxy_fcgi:error] [pid 19490:tid 140003143919360] (104)Connection reset by peer: [client ::1:32886] AH01075: Error dispatching request to :10009: , referer: http://localhost:10009/wp-admin/
[Wed Jun 09 12:02:04.996443 2021] [proxy_fcgi:error] [pid 19283:tid 140002344285952] [client ::1:33254] AH01067: Failed to read FastCGI header, referer: http://localhost:10009/wp-admin/
[Wed Jun 09 12:02:04.996476 2021] [proxy_fcgi:error] [pid 19283:tid 140002344285952] (104)Connection reset by peer: [client ::1:33254] AH01075: Error dispatching request to :10009: , referer: http://localhost:10009/wp-admin/
[Wed Jun 09 12:03:56.929468 2021] [proxy_fcgi:error] [pid 19283:tid 140002327500544] [client ::1:33316] AH01067: Failed to read FastCGI header, referer: http://localhost:10009/wp-admin/
[Wed Jun 09 12:03:56.929499 2021] [proxy_fcgi:error] [pid 19283:tid 140002327500544] (104)Connection reset by peer: [client ::1:33316] AH01075: Error dispatching request to :10009: , referer: http://localhost:10009/wp-admin/
[Wed Jun 09 12:04:01.027459 2021] [proxy_fcgi:error] [pid 19490:tid 140002889549568] [client ::1:33318] AH01067: Failed to read FastCGI header, referer: http://localhost:10009/wp-admin/
[Wed Jun 09 12:04:01.027500 2021] [proxy_fcgi:error] [pid 19490:tid 140002889549568] (104)Connection reset by peer: [client ::1:33318] AH01075: Error dispatching request to :10009: , referer: http://localhost:10009/wp-admin/
[Wed Jun 09 12:04:03.922198 2021] [proxy_fcgi:error] [pid 19490:tid 140002864371456] [client ::1:33380] AH01067: Failed to read FastCGI header, referer: http://localhost:10009/wp-admin/
[Wed Jun 09 12:04:03.922235 2021] [proxy_fcgi:error] [pid 19490:tid 140002864371456] (104)Connection reset by peer: [client ::1:33380] AH01075: Error dispatching request to :10009: , referer: http://localhost:10009/wp-admin/
[Wed Jun 09 12:05:46.817096 2021] [proxy_fcgi:error] [pid 20606:tid 140521901111040] [client ::1:33964] AH01067: Failed to read FastCGI header, referer: http://localhost:10009/wp-admin/plugin-editor.php
[Wed Jun 09 12:05:46.817133 2021] [proxy_fcgi:error] [pid 20606:tid 140521901111040] (104)Connection reset by peer: [client ::1:33964] AH01075: Error dispatching request to :10009: , referer: http://localhost:10009/wp-admin/plugin-editor.php
[Wed Jun 09 12:06:10.599769 2021] [proxy_fcgi:error] [pid 20834:tid 140522317301504] [client ::1:33978] AH01067: Failed to read FastCGI header, referer: http://localhost:10009/wp-admin/plugins.php
[Wed Jun 09 12:06:10.599815 2021] [proxy_fcgi:error] [pid 20834:tid 140522317301504] (104)Connection reset by peer: [client ::1:33978] AH01075: Error dispatching request to :10009: , referer: http://localhost:10009/wp-admin/plugins.php
[Wed Jun 09 14:00:52.743364 2021] [proxy_fcgi:error] [pid 22090:tid 140648141276928] [client ::1:34704] AH01067: Failed to read FastCGI header, referer: http://localhost:10009/wp-admin/update-core.php?force-check=1
[Wed Jun 09 14:00:52.743401 2021] [proxy_fcgi:error] [pid 22090:tid 140648141276928] (104)Connection reset by peer: [client ::1:34704] AH01075: Error dispatching request to :10009: , referer: http://localhost:10009/wp-admin/update-core.php?force-check=1
[Wed Jun 09 14:06:30.051154 2021] [proxy_fcgi:error] [pid 24098:tid 139722553116416] [client ::1:37116] AH01067: Failed to read FastCGI header, referer: http://localhost:10009/wp-admin/plugins.php
[Wed Jun 09 14:06:30.051214 2021] [proxy_fcgi:error] [pid 24098:tid 139722553116416] (104)Connection reset by peer: [client ::1:37116] AH01075: Error dispatching request to :10009: , referer: http://localhost:10009/wp-admin/plugins.php
[Wed Jun 09 14:06:32.819703 2021] [proxy_fcgi:error] [pid 24098:tid 139722332567296] [client ::1:37144] AH01067: Failed to read FastCGI header, referer: http://localhost:10009/wp-admin/plugins.php
[Wed Jun 09 14:06:32.819733 2021] [proxy_fcgi:error] [pid 24098:tid 139722332567296] (104)Connection reset by peer: [client ::1:37144] AH01075: Error dispatching request to :10009: , referer: http://localhost:10009/wp-admin/plugins.php
[Wed Jun 09 14:06:36.403742 2021] [proxy_fcgi:error] [pid 24307:tid 139722324174592] [client ::1:37156] AH01067: Failed to read FastCGI header, referer: http://localhost:10009/wp-admin/plugins.php
[Wed Jun 09 14:06:36.403865 2021] [proxy_fcgi:error] [pid 24307:tid 139722324174592] (104)Connection reset by peer: [client ::1:37156] AH01075: Error dispatching request to :10009: , referer: http://localhost:10009/wp-admin/plugins.php
[Wed Jun 09 14:13:03.303508 2021] [proxy_fcgi:error] [pid 24307:tid 139722307389184] [client ::1:37574] AH01067: Failed to read FastCGI header, referer: http://localhost:10009/wp-admin/plugins.php
[Wed Jun 09 14:13:03.303547 2021] [proxy_fcgi:error] [pid 24307:tid 139722307389184] (104)Connection reset by peer: [client ::1:37574] AH01075: Error dispatching request to :10009: , referer: http://localhost:10009/wp-admin/plugins.php
[Wed Jun 09 14:13:16.194466 2021] [proxy_fcgi:error] [pid 24098:tid 139722307389184] [client ::1:37576] AH01067: Failed to read FastCGI header, referer: http://localhost:10009/wp-admin/plugins.php
[Wed Jun 09 14:13:16.194508 2021] [proxy_fcgi:error] [pid 24098:tid 139722307389184] (104)Connection reset by peer: [client ::1:37576] AH01075: Error dispatching request to :10009: , referer: http://localhost:10009/wp-admin/plugins.php
[Wed Jun 09 14:13:34.206151 2021] [proxy_fcgi:error] [pid 24307:tid 139721376257792] [client ::1:37678] AH01067: Failed to read FastCGI header, referer: http://localhost:10009/wp-admin/plugins.php
[Wed Jun 09 14:13:34.206195 2021] [proxy_fcgi:error] [pid 24307:tid 139721376257792] (104)Connection reset by peer: [client ::1:37678] AH01075: Error dispatching request to :10009: , referer: http://localhost:10009/wp-admin/plugins.php
[Wed Jun 09 14:13:37.891975 2021] [proxy_fcgi:error] [pid 24098:tid 139722147993344] [client ::1:37680] AH01067: Failed to read FastCGI header, referer: http://localhost:10009/wp-admin/plugins.php
[Wed Jun 09 14:13:37.892018 2021] [proxy_fcgi:error] [pid 24098:tid 139722147993344] (104)Connection reset by peer: [client ::1:37680] AH01075: Error dispatching request to :10009: , referer: http://localhost:10009/wp-admin/plugins.php
[Wed Jun 09 14:15:23.580537 2021] [proxy_fcgi:error] [pid 24307:tid 139720789063424] [client ::1:37928] AH01067: Failed to read FastCGI header, referer: http://localhost:10009/wp-admin/plugins.php
[Wed Jun 09 14:15:23.580579 2021] [proxy_fcgi:error] [pid 24307:tid 139720789063424] (104)Connection reset by peer: [client ::1:37928] AH01075: Error dispatching request to :10009: , referer: http://localhost:10009/wp-admin/plugins.php
[Wed Jun 09 14:15:52.365750 2021] [proxy_fcgi:error] [pid 24307:tid 139722458392320] [client ::1:38024] AH01067: Failed to read FastCGI header, referer: http://localhost:10009/wp-admin/plugins.php
[Wed Jun 09 14:15:52.365777 2021] [proxy_fcgi:error] [pid 24307:tid 139722458392320] (104)Connection reset by peer: [client ::1:38024] AH01075: Error dispatching request to :10009: , referer: http://localhost:10009/wp-admin/plugins.php
[Wed Jun 09 14:16:03.730970 2021] [proxy_fcgi:error] [pid 24307:tid 139722449999616] [client ::1:38100] AH01067: Failed to read FastCGI header, referer: http://localhost:10009/wp-admin/plugins.php
[Wed Jun 09 14:16:03.731019 2021] [proxy_fcgi:error] [pid 24307:tid 139722449999616] (104)Connection reset by peer: [client ::1:38100] AH01075: Error dispatching request to :10009: , referer: http://localhost:10009/wp-admin/plugins.php
[Wed Jun 09 14:16:16.828262 2021] [proxy_fcgi:error] [pid 24098:tid 139720847779584] [client ::1:38164] AH01067: Failed to read FastCGI header, referer: http://localhost:10009/wp-admin/plugins.php
[Wed Jun 09 14:16:16.828296 2021] [proxy_fcgi:error] [pid 24098:tid 139720847779584] (104)Connection reset by peer: [client ::1:38164] AH01075: Error dispatching request to :10009: , referer: http://localhost:10009/wp-admin/plugins.php
[Wed Jun 09 14:19:33.620599 2021] [proxy_fcgi:error] [pid 24307:tid 139722332567296] [client ::1:38302] AH01067: Failed to read FastCGI header, referer: http://localhost:10009/wp-admin/plugins.php
[Wed Jun 09 14:19:33.620664 2021] [proxy_fcgi:error] [pid 24307:tid 139722332567296] (104)Connection reset by peer: [client ::1:38302] AH01075: Error dispatching request to :10009: , referer: http://localhost:10009/wp-admin/plugins.php
[Wed Jun 09 14:22:47.193945 2021] [proxy_fcgi:error] [pid 24307:tid 139721384650496] [client ::1:38586] AH01067: Failed to read FastCGI header, referer: http://localhost:10009/wp-admin/plugins.php
[Wed Jun 09 14:22:47.193984 2021] [proxy_fcgi:error] [pid 24307:tid 139721384650496] (104)Connection reset by peer: [client ::1:38586] AH01075: Error dispatching request to :10009: , referer: http://localhost:10009/wp-admin/plugins.php
[Wed Jun 09 14:23:33.474580 2021] [proxy_fcgi:error] [pid 24098:tid 139722156386048] [client ::1:38650] AH01067: Failed to read FastCGI header, referer: http://localhost:10009/wp-admin/plugins.php
[Wed Jun 09 14:23:33.474637 2021] [proxy_fcgi:error] [pid 24098:tid 139722156386048] (104)Connection reset by peer: [client ::1:38650] AH01075: Error dispatching request to :10009: , referer: http://localhost:10009/wp-admin/plugins.php
[Wed Jun 09 14:24:05.962195 2021] [proxy_fcgi:error] [pid 24098:tid 139722324174592] [client ::1:38652] AH01067: Failed to read FastCGI header, referer: http://localhost:10009/wp-admin/plugins.php?plugin_status=all&paged=1&s
[Wed Jun 09 14:24:05.962264 2021] [proxy_fcgi:error] [pid 24098:tid 139722324174592] (104)Connection reset by peer: [client ::1:38652] AH01075: Error dispatching request to :10009: , referer: http://localhost:10009/wp-admin/plugins.php?plugin_status=all&paged=1&s
[Wed Jun 09 14:26:55.978473 2021] [access_compat:error] [pid 24307:tid 139722544715520] [client 127.0.0.1:60222] AH01797: client denied by server configuration: /home/hamza/Local Sites/ycode/app/public/wp-content/uploads/woocommerce_uploads/, referer: http://localhost:10009/wp-content/uploads/woocommerce_uploads/
[Wed Jun 09 14:38:08.529219 2021] [proxy_fcgi:error] [pid 24307:tid 139722449999616] [client ::1:40046] AH01067: Failed to read FastCGI header, referer: http://localhost:10009/wp-admin/plugins.php
[Wed Jun 09 14:38:08.529253 2021] [proxy_fcgi:error] [pid 24307:tid 139722449999616] (104)Connection reset by peer: [client ::1:40046] AH01075: Error dispatching request to :10009: , referer: http://localhost:10009/wp-admin/plugins.php
[Wed Jun 09 14:38:27.787745 2021] [proxy_fcgi:error] [pid 24096:tid 139721653085952] [client ::1:40048] AH01067: Failed to read FastCGI header, referer: http://localhost:10009/wp-admin/plugins.php?plugin_status=all&paged=1&s
[Wed Jun 09 14:38:27.787790 2021] [proxy_fcgi:error] [pid 24096:tid 139721653085952] (104)Connection reset by peer: [client ::1:40048] AH01075: Error dispatching request to :10009: , referer: http://localhost:10009/wp-admin/plugins.php?plugin_status=all&paged=1&s
[Thu Jun 10 01:02:24.702595 2021] [proxy_fcgi:error] [pid 34710:tid 140580118066944] [client ::1:50926] AH01067: Failed to read FastCGI header, referer: http://localhost:10009/wp-admin/
[Thu Jun 10 01:02:24.702868 2021] [proxy_fcgi:error] [pid 34710:tid 140580118066944] (104)Connection reset by peer: [client ::1:50926] AH01075: Error dispatching request to :10009: , referer: http://localhost:10009/wp-admin/
[Thu Jun 10 09:09:29.921386 2021] [proxy_fcgi:error] [pid 59038:tid 140416053647104] [client ::1:57618] AH01067: Failed to read FastCGI header, referer: http://localhost:10009/wp-admin/plugins.php
[Thu Jun 10 09:09:29.921431 2021] [proxy_fcgi:error] [pid 59038:tid 140416053647104] (104)Connection reset by peer: [client ::1:57618] AH01075: Error dispatching request to :10009: , referer: http://localhost:10009/wp-admin/plugins.php
[Thu Jun 10 09:11:31.501491 2021] [proxy_fcgi:error] [pid 59037:tid 140415793604352] [client ::1:57766] AH01067: Failed to read FastCGI header, referer: http://localhost:10009/wp-admin/plugins.php
[Thu Jun 10 09:11:31.501536 2021] [proxy_fcgi:error] [pid 59037:tid 140415793604352] (104)Connection reset by peer: [client ::1:57766] AH01075: Error dispatching request to :10009: , referer: http://localhost:10009/wp-admin/plugins.php
[Thu Jun 10 09:47:02.221046 2021] [proxy_fcgi:error] [pid 59037:tid 140415810389760] [client ::1:33048] AH01067: Failed to read FastCGI header, referer: http://localhost:10009/wp-admin/plugins.php
[Thu Jun 10 09:47:02.221182 2021] [proxy_fcgi:error] [pid 59037:tid 140415810389760] (104)Connection reset by peer: [client ::1:33048] AH01075: Error dispatching request to :10009: , referer: http://localhost:10009/wp-admin/plugins.php
